TN:
SF:src\handlers\jobWebhook.ts
FN:6,(anonymous_0)
FNF:1
FNH:1
FNDA:29,(anonymous_0)
DA:2,2
DA:3,2
DA:4,2
DA:6,2
DA:7,29
DA:9,29
DA:10,29
DA:13,28
DA:16,28
DA:17,28
DA:22,14
DA:32,14
DA:33,14
DA:35,12
DA:49,2
DA:57,1
DA:58,1
LF:17
LH:17
BRDA:13,0,0,28
BRDA:13,0,1,1
BRF:2
BRH:2
end_of_record
TN:
SF:src\handlers\locationWebhook.ts
FN:6,(anonymous_0)
FNF:1
FNH:1
FNDA:18,(anonymous_0)
DA:2,2
DA:3,2
DA:4,2
DA:6,2
DA:7,18
DA:9,18
DA:10,18
DA:13,18
DA:16,18
DA:17,18
DA:22,7
DA:32,11
DA:33,11
DA:35,6
DA:49,5
DA:50,5
DA:58,0
DA:59,0
LF:18
LH:16
BRDA:13,0,0,18
BRDA:13,0,1,0
BRDA:49,1,0,2
BRDA:49,1,1,3
BRF:4
BRH:3
end_of_record
TN:
SF:src\handlers\queryLocation.ts
FN:6,(anonymous_0)
FNF:1
FNH:1
FNDA:8,(anonymous_0)
DA:2,2
DA:3,2
DA:4,2
DA:6,2
DA:7,8
DA:9,8
DA:10,8
DA:13,8
DA:14,8
DA:18,2
DA:26,6
DA:28,6
DA:29,1
DA:37,5
DA:49,5
DA:54,0
DA:55,0
LF:17
LH:15
BRDA:28,0,0,1
BRDA:28,0,1,5
BRDA:41,1,0,5
BRDA:41,1,1,4
BRF:4
BRH:4
end_of_record
TN:
SF:src\models\Shipment.ts
FNF:0
FNH:0
DA:1,4
DA:4,4
DA:12,4
DA:24,4
LF:4
LH:4
BRF:0
BRH:0
end_of_record
TN:
SF:src\services\shipmentService.ts
FN:6,(anonymous_0)
FN:31,(anonymous_1)
FN:71,(anonymous_2)
FNF:3
FNH:3
FNDA:16,(anonymous_0)
FNDA:12,(anonymous_1)
FNDA:5,(anonymous_2)
DA:1,5
DA:3,5
DA:5,5
DA:8,16
DA:9,16
DA:10,2
DA:13,14
DA:14,14
DA:20,12
DA:21,12
DA:24,2
DA:25,1
DA:27,1
DA:33,12
DA:34,12
DA:35,4
DA:38,8
DA:41,8
DA:46,8
DA:47,2
DA:48,2
DA:52,6
DA:63,6
DA:64,1
DA:67,5
DA:68,5
DA:72,5
DA:76,5
LF:28
LH:28
BRDA:9,0,0,2
BRDA:9,0,1,14
BRDA:24,1,0,1
BRDA:24,1,1,1
BRDA:34,2,0,4
BRDA:34,2,1,8
BRDA:46,3,0,2
BRDA:46,3,1,6
BRDA:63,4,0,1
BRDA:63,4,1,5
BRF:10
BRH:10
end_of_record
TN:
SF:src\services\validationService.ts
FN:10,(anonymous_0)
FN:36,(anonymous_1)
FN:61,(anonymous_2)
FNF:3
FNH:3
FNDA:16,(anonymous_0)
FNDA:13,(anonymous_1)
FNDA:9,(anonymous_2)
DA:1,5
DA:3,5
DA:17,16
DA:18,16
DA:19,2
DA:25,14
DA:26,14
DA:27,1
DA:33,13
DA:41,13
DA:43,13
DA:44,2
DA:51,11
DA:52,4
DA:58,7
DA:65,9
DA:67,5
DA:68,5
DA:69,5
DA:71,5
DA:75,5
LF:21
LH:21
BRDA:18,0,0,2
BRDA:18,0,1,14
BRDA:26,1,0,1
BRDA:26,1,1,13
BRDA:26,2,0,14
BRDA:26,2,1,2
BRDA:43,3,0,2
BRDA:43,3,1,11
BRDA:51,4,0,4
BRDA:51,4,1,7
BRDA:51,5,0,11
BRDA:51,5,1,9
BRDA:65,6,0,4
BRDA:65,6,1,5
BRDA:71,7,0,5
BRDA:71,7,1,3
BRF:16
BRH:16
end_of_record
TN:
SF:src\validators\shipmentValidators.ts
FN:4,(anonymous_6)
FN:10,(anonymous_7)
FNF:2
FNH:2
FNDA:25,(anonymous_6)
FNDA:25,(anonymous_7)
DA:1,5
DA:4,5
DA:5,25
DA:6,25
DA:7,25
DA:10,5
DA:11,25
DA:12,25
DA:13,25
DA:17,5
DA:38,5
DA:59,5
LF:12
LH:12
BRDA:5,0,0,0
BRDA:5,0,1,25
BRDA:7,1,0,25
BRDA:7,1,1,23
BRDA:7,1,2,22
BRDA:11,2,0,0
BRDA:11,2,1,25
BRDA:13,3,0,25
BRDA:13,3,1,24
BRDA:13,3,2,23
BRF:10
BRH:8
end_of_record
